Flutter crash report.
Please report a bug at https://github.com/flutter/flutter/issues.

## command

flutter test

## exception

FileSystemException: FileSystemException: readInto failed, path = '/Users/BURHAN/Desktop/tarim_app/.flutter-plugins-dependencies' (OS Error: Operation timed out, errno = 60)

```
#0      _RandomAccessFile.readIntoSync (dart:io/file_impl.dart:930:7)
#1      _File.readAsBytesSync (dart:io/file_impl.dart:679:35)
#2      _File.readAsStringSync (dart:io/file_impl.dart:715:18)
#3      ForwardingFile.readAsStringSync (package:file/src/forwarding/forwarding_file.dart:99:16)
#4      ErrorHandlingFile.readAsStringSync.<anonymous closure> (package:flutter_tools/src/base/error_handling_io.dart:212:22)
#5      _runSync (package:flutter_tools/src/base/error_handling_io.dart:552:14)
#6      ErrorHandlingFile.readAsStringSync (package:flutter_tools/src/base/error_handling_io.dart:211:12)
#7      _readFileContent (package:flutter_tools/src/flutter_plugins.dart:391:35)
#8      _detectFlutterPluginsListChanges (package:flutter_tools/src/flutter_plugins.dart:281:47)
#9      _writeFlutterPluginsList (package:flutter_tools/src/flutter_plugins.dart:257:57)
#10     refreshPluginsList (package:flutter_tools/src/flutter_plugins.dart:1185:24)
<asynchronous suspension>
#11     FlutterProject.ensureReadyForPlatformSpecificTooling (package:flutter_tools/src/project.dart:401:5)
<asynchronous suspension>
#12     FlutterCommand.regeneratePlatformSpecificToolingIfApplicable (package:flutter_tools/src/runner/flutter_command.dart:1970:5)
<asynchronous suspension>
#13     FlutterCommand.verifyThenRunCommand (package:flutter_tools/src/runner/flutter_command.dart:1926:7)
<asynchronous suspension>
#14     FlutterCommand.run.<anonymous closure> (package:flutter_tools/src/runner/flutter_command.dart:1590:27)
<asynchronous suspension>
#15     AppContext.run.<anonymous closure> (package:flutter_tools/src/base/context.dart:154:19)
<asynchronous suspension>
#16     CommandRunner.runCommand (package:args/command_runner.dart:212:13)
<asynchronous suspension>
#17     FlutterCommandRunner.runCommand.<anonymous closure> (package:flutter_tools/src/runner/flutter_command_runner.dart:496:9)
<asynchronous suspension>
#18     AppContext.run.<anonymous closure> (package:flutter_tools/src/base/context.dart:154:19)
<asynchronous suspension>
#19     FlutterCommandRunner.runCommand (package:flutter_tools/src/runner/flutter_command_runner.dart:431:5)
<asynchronous suspension>
#20     FlutterCommandRunner.run.<anonymous closure> (package:flutter_tools/src/runner/flutter_command_runner.dart:307:33)
<asynchronous suspension>
#21     run.<anonymous closure>.<anonymous closure> (package:flutter_tools/runner.dart:104:11)
<asynchronous suspension>
#22     AppContext.run.<anonymous closure> (package:flutter_tools/src/base/context.dart:154:19)
<asynchronous suspension>
#23     main (package:flutter_tools/executable.dart:103:3)
<asynchronous suspension>
```

## flutter doctor

```
[!] Flutter (Channel stable, 3.41.6, on macOS 26.3.1 25D771280a darwin-arm64,
    locale tr-TR) [68ms]
    • Flutter version 3.41.6 on channel stable at /Users/BURHAN/lib/flutter
    ! Warning: `dart` on your path resolves to
      /Users/BURHAN/lib/dart-sdk/bin/dart, which is not inside your current
      Flutter SDK checkout at /Users/BURHAN/lib/flutter. Consider adding
      /Users/BURHAN/lib/flutter/bin to the front of your path.
    • Upstream repository https://github.com/flutter/flutter.git
    • Framework revision db50e20168 (3 months ago), 2026-03-25 16:21:00 -0700
    • Engine revision 425cfb54d0
    • Dart version 3.11.4
    • DevTools version 2.54.2
    • Feature flags: enable-web, enable-linux-desktop, enable-macos-desktop,
      enable-windows-desktop, enable-android, enable-ios, cli-animations,
      enable-native-assets, omit-legacy-version-file, enable-lldb-debugging,
      enable-uiscene-migration
    • If those were intentional, you can disregard the above warnings; however
      it is recommended to use "git" directly to perform update checks and
      upgrades.

[✗] Android toolchain - develop for Android devices [54ms]
    ✗ Unable to locate Android SDK.
      Install Android Studio from:
      https://developer.android.com/studio/index.html
      On first launch it will assist you in installing the Android SDK
      components.
      (or visit https://flutter.dev/to/macos-android-setup for detailed
      instructions).
      If the Android SDK has been installed to a custom location, please use
      `flutter config --android-sdk` to update to that location.


[✗] Xcode - develop for iOS and macOS [88ms]
    ✗ Xcode installation is incomplete; a full installation is necessary for iOS
      and macOS development.
      Download at: https://developer.apple.com/xcode/
      Or install Xcode via the App Store.
      Once installed, run:
        sudo xcode-select --switch /Applications/Xcode.app/Contents/Developer
        sudo xcodebuild -runFirstLaunch
    ✗ CocoaPods not installed.
        CocoaPods is a package manager for iOS or macOS platform code.
        Without CocoaPods, plugins will not work on iOS or macOS.
        For more info, see https://flutter.dev/to/platform-plugins
      For installation instructions, see
      https://guides.cocoapods.org/using/getting-started.html#installation

[✓] Chrome - develop for the web [24ms]
    • Chrome at /Applications/Google Chrome.app/Contents/MacOS/Google Chrome

[✓] Connected device (2 available) [121ms]
    • macOS (desktop) • macos  • darwin-arm64   • macOS 26.3.1 25D771280a
      darwin-arm64
    • Chrome (web)    • chrome • web-javascript • Google Chrome 143.0.7499.170

[✓] Network resources [365ms]
    • All expected network resources are available.

! Doctor found issues in 3 categories.
```
