Flutter crash report.
Please report a bug at https://github.com/flutter/flutter/issues.

## command

flutter run -d chrome

## exception

FileSystemException: FileSystemException: readInto failed, path = '/Users/BURHAN/Desktop/tarim_app/web/index.html' (OS Error: Operation canceled, errno = 89)

```
#0      _RandomAccessFile.readIntoSync (dart:io/file_impl.dart:930:7)
#1      _File.readAsBytesSync (dart:io/file_impl.dart:679:35)
#2      _File.readAsStringSync (dart:io/file_impl.dart:715:18)
#3      ForwardingFile.readAsStringSync (package:file/src/forwarding/forwarding_file.dart:99:16)
#4      ErrorHandlingFile.readAsStringSync.<anonymous closure> (package:flutter_tools/src/base/error_handling_io.dart:212:22)
#5      _runSync (package:flutter_tools/src/base/error_handling_io.dart:552:14)
#6      ErrorHandlingFile.readAsStringSync (package:flutter_tools/src/base/error_handling_io.dart:211:12)
#7      htmlTemplate (package:flutter_tools/src/isolated/web_server_utilities.dart:71:43)
#8      new WebAssetServer (package:flutter_tools/src/isolated/web_asset_server.dart:84:40)
#9      WebAssetServer.start (package:flutter_tools/src/isolated/web_asset_server.dart:259:20)
<asynchronous suspension>
#10     WebDevFS.create (package:flutter_tools/src/isolated/devfs_web.dart:205:22)
<asynchronous suspension>
#11     ResidentWebRunner.run.<anonymous closure> (package:flutter_tools/src/isolated/resident_web_runner.dart:328:19)
<asynchronous suspension>
#12     asyncGuard.<anonymous closure> (package:flutter_tools/src/base/async_guard.dart:108:24)
<asynchronous suspension>
```

## flutter doctor

```
[32m[✓][39m Flutter (Channel stable, 3.41.6, on macOS 26.3.1 25D771280a
    darwin-arm64, locale tr-TR) [80ms]
    [32m•[39m Flutter version 3.41.6 on channel stable at
      /Users/BURHAN/lib/flutter
    [32m•[39m Upstream repository https://github.com/flutter/flutter.git
    [32m•[39m Framework revision db50e20168 (3 months ago), 2026-03-25
      16:21:00 -0700
    [32m•[39m Engine revision 425cfb54d0
    [32m•[39m Dart version 3.11.4
    [32m•[39m DevTools version 2.54.2
    [32m•[39m Feature flags: enable-web, enable-linux-desktop,
      enable-macos-desktop, enable-windows-desktop, enable-android,
      enable-ios, cli-animations, enable-native-assets,
      omit-legacy-version-file, enable-lldb-debugging,
      enable-uiscene-migration

[31m[✗][39m Android toolchain - develop for Android devices [57ms]
    [31m✗[39m Unable to locate Android SDK.
      Install Android Studio from:
      https://developer.android.com/studio/index.html
      On first launch it will assist you in installing the Android
      SDK components.
      (or visit https://flutter.dev/to/macos-android-setup for
      detailed instructions).
      If the Android SDK has been installed to a custom location,
      please use
      `flutter config --android-sdk` to update to that location.


[31m[✗][39m Xcode - develop for iOS and macOS [101ms]
    [31m✗[39m Xcode installation is incomplete; a full installation is
      necessary for iOS and macOS development.
      Download at: https://developer.apple.com/xcode/
      Or install Xcode via the App Store.
      Once installed, run:
        sudo xcode-select --switch
        /Applications/Xcode.app/Contents/Developer
        sudo xcodebuild -runFirstLaunch
    [31m✗[39m CocoaPods not installed.
        CocoaPods is a package manager for iOS or macOS platform
        code.
        Without CocoaPods, plugins will not work on iOS or macOS.
        For more info, see https://flutter.dev/to/platform-plugins
      For installation instructions, see
      https://guides.cocoapods.org/using/getting-started.html#instal
      lation

[32m[✓][39m Chrome - develop for the web [22ms]
    [32m•[39m Chrome at /Applications/Google
      Chrome.app/Contents/MacOS/Google Chrome

[32m[✓][39m Connected device (2 available) [80ms]
    [32m•[39m macOS (desktop) • macos  • darwin-arm64   • macOS 26.3.1
      25D771280a darwin-arm64
    [32m•[39m Chrome (web)    • chrome • web-javascript • Google Chrome
      143.0.7499.170

[32m[✓][39m Network resources [686ms]
    [32m•[39m All expected network resources are available.

[33m![39m Doctor found issues in 2 categories.
```
