Flutter crash report.
Please report a bug at https://github.com/flutter/flutter/issues.

## command

flutter run -d chrome

## exception

FileSystemException: FileSystemException: readInto failed, path = '/Users/BURHAN/Desktop/tarim_app/web/index.html' (OS Error: Operation timed out, errno = 60)

```
#0      _checkForErrorResponse (dart:io/common.dart:58:9)
#1      _RandomAccessFile.readInto.<anonymous closure> (dart:io/file_impl.dart:912:7)
#2      _rootRunUnary (dart:async/zone_root.dart:48:47)
#3      _CustomZone.runUnary (dart:async/zone.dart:733:19)
<asynchronous suspension>
#4      _File.readAsBytes.readSized.read.<anonymous closure> (dart:io/file_impl.dart:625:78)
<asynchronous suspension>
```

## flutter doctor

```
[32m[✓][39m Flutter (Channel stable, 3.41.6, on
    macOS 26.3.1 25D771280a darwin-arm64,
    locale tr-TR) [195ms]
    [32m•[39m Flutter version 3.41.6 on channel
      stable at /Users/BURHAN/lib/flutter
    [32m•[39m Upstream repository
      https://github.com/flutter/flutter.g
      it
    [32m•[39m Framework revision db50e20168 (3
      months ago), 2026-03-25 16:21:00
      -0700
    [32m•[39m Engine revision 425cfb54d0
    [32m•[39m Dart version 3.11.4
    [32m•[39m DevTools version 2.54.2
    [32m•[39m Feature flags: enable-web,
      enable-linux-desktop,
      enable-macos-desktop,
      enable-windows-desktop,
      enable-android, enable-ios,
      cli-animations,
      enable-native-assets,
      omit-legacy-version-file,
      enable-lldb-debugging,
      enable-uiscene-migration

[31m[✗][39m Android toolchain - develop for
    Android devices [99ms]
    [31m✗[39m Unable to locate Android SDK.
      Install Android Studio from:
      https://developer.android.com/studio
      /index.html
      On first launch it will assist you
      in installing the Android SDK
      components.
      (or visit
      https://flutter.dev/to/macos-android
      -setup for detailed instructions).
      If the Android SDK has been
      installed to a custom location,
      please use
      `flutter config --android-sdk` to
      update to that location.


[31m[✗][39m Xcode - develop for iOS and macOS
    [186ms]
    [31m✗[39m Xcode installation is incomplete; a
      full installation is necessary for
      iOS and macOS development.
      Download at:
      https://developer.apple.com/xcode/
      Or install Xcode via the App Store.
      Once installed, run:
        sudo xcode-select --switch
        /Applications/Xcode.app/Contents/D
        eveloper
        sudo xcodebuild -runFirstLaunch
    [31m✗[39m CocoaPods not installed.
        CocoaPods is a package manager for
        iOS or macOS platform code.
        Without CocoaPods, plugins will
        not work on iOS or macOS.
        For more info, see
        https://flutter.dev/to/platform-pl
        ugins
      For installation instructions, see
      https://guides.cocoapods.org/using/g
      etting-started.html#installation

[32m[✓][39m Chrome - develop for the web [39ms]
    [32m•[39m Chrome at /Applications/Google
      Chrome.app/Contents/MacOS/Google
      Chrome

[32m[✓][39m Connected device (2 available) [147ms]
    [32m•[39m macOS (desktop) • macos  •
      darwin-arm64   • macOS 26.3.1
      25D771280a darwin-arm64
    [32m•[39m Chrome (web)    • chrome •
      web-javascript • Google Chrome
      143.0.7499.170

[32m[✓][39m Network resources [826ms]
    [32m•[39m All expected network resources are
      available.

[33m![39m Doctor found issues in 2 categories.
```
